<?xml version='1.0' encoding='UTF-8'?>
<testsuite hostname="C02F40YXMD6V" name="ConversionServiceSpec" tests="1" errors="0" failures="0" skipped="0" time="0.014" timestamp="2023-06-13T18:39:54">
          <properties>
[...]
</properties>
          <testcase classname="ConversionServiceSpec" name="ConversionService actor should reply with ConvertedStake when rate is retrieved from the cache" time="0.014">
                      
                    </testcase>
          <system-out><![CDATA[]]></system-out>
          <system-err><![CDATA[]]></system-err>
        </testsuite>